<?xml version="1.0" encoding="UTF-8"?>
<beans xmlns="http://www.springframework.org/schema/beans"
       xmlns:xsi="http://www.w3.org/2001/XMLSchema-instance"
       xmlns:context="http://www.springframework.org/schema/context"
       xsi:schemaLocation="http://www.springframework.org/schema/beans
       http://www.springframework.org/schema/beans/spring-beans.xsd http://www.springframework.org/schema/context http://www.springframework.org/schema/context/spring-context.xsd">

    <context:property-placeholder file-encoding="UTF-8" location="classpath:app-dev.properties"/>

    <import resource="classpath:spring/root-context.xml"/>

    <!-- Separate dataSource for tests-->
    <bean id="dataSource" class="org.apache.commons.dbcp2.BasicDataSource" destroy-method="close">
        <property name="driverClassName" value="oracle.jdbc.driver.OracleDriver"/>
        <property name="url" value="jdbc:oracle:thin:@82.192.92.18:1521:una"/>
        <property name="username" value="EGO_TEST"/>
        <property name="password" value="bi7Dr9EP"/>
        <property name="validationQuery" value="SELECT 1 FROM DUAL"/>
    </bean>

</beans>
